[0.949s] Invoking command in '/home/monti/robot_localization_ws/ros2_ws/src/control_nodes': PYTHONPATH=/home/monti/robot_localization_ws/build/control_nodes/prefix_override:/usr/lib/python3/dist-packages/colcon_core/task/python/colcon_distutils_commands:/home/monti/robot_localization_ws/install/control_nodes/lib/python3.10/site-packages:${PYTHONPATH} /usr/bin/python3 -W ignore:setup.py install is deprecated -W ignore:easy_install command is deprecated setup.py egg_info --egg-base ../../../build/control_nodes build --build-base /home/monti/robot_localization_ws/build/control_nodes/build install --record /home/monti/robot_localization_ws/build/control_nodes/install.log --single-version-externally-managed install_data
[1.270s] running egg_info
[1.271s] writing ../../../build/control_nodes/control_nodes.egg-info/PKG-INFO
[1.271s] writing dependency_links to ../../../build/control_nodes/control_nodes.egg-info/dependency_links.txt
[1.271s] writing entry points to ../../../build/control_nodes/control_nodes.egg-info/entry_points.txt
[1.271s] writing requirements to ../../../build/control_nodes/control_nodes.egg-info/requires.txt
[1.271s] writing top-level names to ../../../build/control_nodes/control_nodes.egg-info/top_level.txt
[1.273s] reading manifest file '../../../build/control_nodes/control_nodes.egg-info/SOURCES.txt'
[1.275s] writing manifest file '../../../build/control_nodes/control_nodes.egg-info/SOURCES.txt'
[1.275s] running build
[1.275s] running build_py
[1.275s] running install
[1.276s] running install_lib
[1.277s] running install_data
[1.277s] copying package.xml -> /home/monti/robot_localization_ws/install/control_nodes/share/control_nodes
[1.277s] running install_egg_info
[1.280s] removing '/home/monti/robot_localization_ws/install/control_nodes/lib/python3.10/site-packages/control_nodes-0.0.1-py3.10.egg-info' (and everything under it)
[1.281s] Copying ../../../build/control_nodes/control_nodes.egg-info to /home/monti/robot_localization_ws/install/control_nodes/lib/python3.10/site-packages/control_nodes-0.0.1-py3.10.egg-info
[1.283s] running install_scripts
[1.320s] Installing c1_node script to /home/monti/robot_localization_ws/install/control_nodes/lib/control_nodes
[1.320s] Installing c2_node script to /home/monti/robot_localization_ws/install/control_nodes/lib/control_nodes
[1.326s] writing list of installed files to '/home/monti/robot_localization_ws/build/control_nodes/install.log'
[1.349s] Invoked command in '/home/monti/robot_localization_ws/ros2_ws/src/control_nodes' returned '0': PYTHONPATH=/home/monti/robot_localization_ws/build/control_nodes/prefix_override:/usr/lib/python3/dist-packages/colcon_core/task/python/colcon_distutils_commands:/home/monti/robot_localization_ws/install/control_nodes/lib/python3.10/site-packages:${PYTHONPATH} /usr/bin/python3 -W ignore:setup.py install is deprecated -W ignore:easy_install command is deprecated setup.py egg_info --egg-base ../../../build/control_nodes build --build-base /home/monti/robot_localization_ws/build/control_nodes/build install --record /home/monti/robot_localization_ws/build/control_nodes/install.log --single-version-externally-managed install_data
