running egg_info
writing ../../build/robot_description_pkg/robot_description_pkg.egg-info/PKG-INFO
writing dependency_links to ../../build/robot_description_pkg/robot_description_pkg.egg-info/dependency_links.txt
writing entry points to ../../build/robot_description_pkg/robot_description_pkg.egg-info/entry_points.txt
writing requirements to ../../build/robot_description_pkg/robot_description_pkg.egg-info/requires.txt
writing top-level names to ../../build/robot_description_pkg/robot_description_pkg.egg-info/top_level.txt
reading manifest file '../../build/robot_description_pkg/robot_description_pkg.egg-info/SOURCES.txt'
writing manifest file '../../build/robot_description_pkg/robot_description_pkg.egg-info/SOURCES.txt'
running build
running build_py
running install
running install_lib
running install_data
running install_egg_info
removing '/home/monti/robot_localization_ws/ros2_ws/install/robot_description_pkg/lib/python3.10/site-packages/robot_description_pkg-0.0.0-py3.10.egg-info' (and everything under it)
Copying ../../build/robot_description_pkg/robot_description_pkg.egg-info to /home/monti/robot_localization_ws/ros2_ws/install/robot_description_pkg/lib/python3.10/site-packages/robot_description_pkg-0.0.0-py3.10.egg-info
running install_scripts
Installing c1_node script to /home/monti/robot_localization_ws/ros2_ws/install/robot_description_pkg/lib/robot_description_pkg
Installing c2_node script to /home/monti/robot_localization_ws/ros2_ws/install/robot_description_pkg/lib/robot_description_pkg
writing list of installed files to '/home/monti/robot_localization_ws/ros2_ws/build/robot_description_pkg/install.log'
