[1.049s] Invoking command in '/home/monti/robot_localization_ws/ros2_ws/src/control_nodes': PYTHONPATH=/home/monti/robot_localization_ws/build/control_nodes/prefix_override:/usr/lib/python3/dist-packages/colcon_core/task/python/colcon_distutils_commands:/home/monti/robot_localization_ws/install/control_nodes/lib/python3.10/site-packages:${PYTHONPATH} /usr/bin/python3 -W ignore:setup.py install is deprecated -W ignore:easy_install command is deprecated setup.py egg_info --egg-base ../../../build/control_nodes build --build-base /home/monti/robot_localization_ws/build/control_nodes/build install --record /home/monti/robot_localization_ws/build/control_nodes/install.log --single-version-externally-managed install_data
[1.403s] running egg_info
[1.404s] writing ../../../build/control_nodes/control_nodes.egg-info/PKG-INFO
[1.404s] writing dependency_links to ../../../build/control_nodes/control_nodes.egg-info/dependency_links.txt
[1.405s] writing entry points to ../../../build/control_nodes/control_nodes.egg-info/entry_points.txt
[1.405s] writing requirements to ../../../build/control_nodes/control_nodes.egg-info/requires.txt
[1.405s] writing top-level names to ../../../build/control_nodes/control_nodes.egg-info/top_level.txt
[1.408s] reading manifest file '../../../build/control_nodes/control_nodes.egg-info/SOURCES.txt'
[1.409s] writing manifest file '../../../build/control_nodes/control_nodes.egg-info/SOURCES.txt'
[1.410s] running build
[1.410s] running build_py
[1.412s] running install
[1.412s] running install_lib
[1.413s] running install_data
[1.414s] running install_egg_info
[1.417s] removing '/home/monti/robot_localization_ws/install/control_nodes/lib/python3.10/site-packages/control_nodes-0.0.1-py3.10.egg-info' (and everything under it)
[1.440s] Copying ../../../build/control_nodes/control_nodes.egg-info to /home/monti/robot_localization_ws/install/control_nodes/lib/python3.10/site-packages/control_nodes-0.0.1-py3.10.egg-info
[1.459s] running install_scripts
[1.500s] Installing c1_node script to /home/monti/robot_localization_ws/install/control_nodes/lib/control_nodes
[1.501s] Installing c2_node script to /home/monti/robot_localization_ws/install/control_nodes/lib/control_nodes
[1.501s] writing list of installed files to '/home/monti/robot_localization_ws/build/control_nodes/install.log'
[1.580s] Invoked command in '/home/monti/robot_localization_ws/ros2_ws/src/control_nodes' returned '0': PYTHONPATH=/home/monti/robot_localization_ws/build/control_nodes/prefix_override:/usr/lib/python3/dist-packages/colcon_core/task/python/colcon_distutils_commands:/home/monti/robot_localization_ws/install/control_nodes/lib/python3.10/site-packages:${PYTHONPATH} /usr/bin/python3 -W ignore:setup.py install is deprecated -W ignore:easy_install command is deprecated setup.py egg_info --egg-base ../../../build/control_nodes build --build-base /home/monti/robot_localization_ws/build/control_nodes/build install --record /home/monti/robot_localization_ws/build/control_nodes/install.log --single-version-externally-managed install_data
