[0.215s] DEBUG:colcon:Command line arguments: ['/usr/bin/colcon', 'build', '--packages-select', 'control_nodes']
[0.215s] DEBUG:colcon:Parsed command line arguments: Namespace(log_base=None, log_level=None, verb_name='build', build_base='build', install_base='install', merge_install=False, symlink_install=False, test_result_base=None, continue_on_error=False, executor='parallel', parallel_workers=16, event_handlers=None, ignore_user_meta=False, metas=['./colcon.meta'], base_paths=['.'], packages_ignore=None, packages_ignore_regex=None, paths=None, packages_up_to=None, packages_up_to_regex=None, packages_above=None, packages_above_and_dependencies=None, packages_above_depth=None, packages_select_by_dep=None, packages_skip_by_dep=None, packages_skip_up_to=None, packages_select_build_failed=False, packages_skip_build_finished=False, packages_select_test_failures=False, packages_skip_test_passed=False, packages_select=['control_nodes'], packages_skip=None, packages_select_regex=None, packages_skip_regex=None, packages_start=None, packages_end=None, allow_overriding=[], cmake_args=None, cmake_target=None, cmake_target_skip_unavailable=False, cmake_clean_cache=False, cmake_clean_first=False, cmake_force_configure=False, ament_cmake_args=None, catkin_cmake_args=None, catkin_skip_building_tests=False, mixin_files=None, mixin=None, verb_parser=<colcon_mixin.mixin.mixin_argument.MixinArgumentDecorator object at 0x79f472cdfdf0>, verb_extension=<colcon_core.verb.build.BuildVerb object at 0x79f472cdf8b0>, main=<bound method BuildVerb.main of <colcon_core.verb.build.BuildVerb object at 0x79f472cdf8b0>>, mixin_verb=('build',))
[0.471s] Level 1:colcon.colcon_core.package_discovery:discover_packages(colcon_meta) check parameters
[0.472s] Level 1:colcon.colcon_core.package_discovery:discover_packages(recursive) check parameters
[0.472s] Level 1:colcon.colcon_core.package_discovery:discover_packages(ignore) check parameters
[0.472s] Level 1:colcon.colcon_core.package_discovery:discover_packages(path) check parameters
[0.472s] Level 1:colcon.colcon_core.package_discovery:discover_packages(colcon_meta) discover
[0.472s] Level 1:colcon.colcon_core.package_discovery:discover_packages(recursive) discover
[0.472s] INFO:colcon.colcon_core.package_discovery:Crawling recursively for packages in '/home/monti/robot_localization_ws/ros2_ws'
[0.472s] Level 1:colcon.colcon_core.package_identification:_identify(.) by extensions ['ignore', 'ignore_ament_install']
[0.472s] Level 1:colcon.colcon_core.package_identification:_identify(.) by extension 'ignore'
[0.473s] Level 1:colcon.colcon_core.package_identification:_identify(.) by extension 'ignore_ament_install'
[0.473s] Level 1:colcon.colcon_core.package_identification:_identify(.) by extensions ['colcon_pkg']
[0.473s] Level 1:colcon.colcon_core.package_identification:_identify(.) by extension 'colcon_pkg'
[0.473s] Level 1:colcon.colcon_core.package_identification:_identify(.) by extensions ['colcon_meta']
[0.473s] Level 1:colcon.colcon_core.package_identification:_identify(.) by extension 'colcon_meta'
[0.473s] Level 1:colcon.colcon_core.package_identification:_identify(.) by extensions ['ros']
[0.473s] Level 1:colcon.colcon_core.package_identification:_identify(.) by extension 'ros'
[0.513s] Level 1:colcon.colcon_core.package_identification:_identify(.) by extensions ['cmake', 'python']
[0.513s] Level 1:colcon.colcon_core.package_identification:_identify(.) by extension 'cmake'
[0.513s] Level 1:colcon.colcon_core.package_identification:_identify(.) by extension 'python'
[0.513s] Level 1:colcon.colcon_core.package_identification:_identify(.) by extensions ['python_setup_py']
[0.513s] Level 1:colcon.colcon_core.package_identification:_identify(.) by extension 'python_setup_py'
[0.513s] Level 1:colcon.colcon_core.package_identification:_identify(build) by extensions ['ignore', 'ignore_ament_install']
[0.514s] Level 1:colcon.colcon_core.package_identification:_identify(build) by extension 'ignore'
[0.514s] Level 1:colcon.colcon_core.package_identification:_identify(build) ignored
[0.514s] Level 1:colcon.colcon_core.package_identification:_identify(install) by extensions ['ignore', 'ignore_ament_install']
[0.514s] Level 1:colcon.colcon_core.package_identification:_identify(install) by extension 'ignore'
[0.514s] Level 1:colcon.colcon_core.package_identification:_identify(install) ignored
[0.514s] Level 1:colcon.colcon_core.package_identification:_identify(log) by extensions ['ignore', 'ignore_ament_install']
[0.514s] Level 1:colcon.colcon_core.package_identification:_identify(log) by extension 'ignore'
[0.514s] Level 1:colcon.colcon_core.package_identification:_identify(log) ignored
[0.514s] Level 1:colcon.colcon_core.package_identification:_identify(src) by extensions ['ignore', 'ignore_ament_install']
[0.515s] Level 1:colcon.colcon_core.package_identification:_identify(src) by extension 'ignore'
[0.515s] Level 1:colcon.colcon_core.package_identification:_identify(src) by extension 'ignore_ament_install'
[0.515s] Level 1:colcon.colcon_core.package_identification:_identify(src) by extensions ['colcon_pkg']
[0.515s] Level 1:colcon.colcon_core.package_identification:_identify(src) by extension 'colcon_pkg'
[0.515s] Level 1:colcon.colcon_core.package_identification:_identify(src) by extensions ['colcon_meta']
[0.515s] Level 1:colcon.colcon_core.package_identification:_identify(src) by extension 'colcon_meta'
[0.515s] Level 1:colcon.colcon_core.package_identification:_identify(src) by extensions ['ros']
[0.515s] Level 1:colcon.colcon_core.package_identification:_identify(src) by extension 'ros'
[0.515s] Level 1:colcon.colcon_core.package_identification:_identify(src) by extensions ['cmake', 'python']
[0.515s] Level 1:colcon.colcon_core.package_identification:_identify(src) by extension 'cmake'
[0.515s] Level 1:colcon.colcon_core.package_identification:_identify(src) by extension 'python'
[0.515s] Level 1:colcon.colcon_core.package_identification:_identify(src) by extensions ['python_setup_py']
[0.515s] Level 1:colcon.colcon_core.package_identification:_identify(src) by extension 'python_setup_py'
[0.515s] Level 1:colcon.colcon_core.package_identification:_identify(src/control_nodes) by extensions ['ignore', 'ignore_ament_install']
[0.515s] Level 1:colcon.colcon_core.package_identification:_identify(src/control_nodes) by extension 'ignore'
[0.515s] Level 1:colcon.colcon_core.package_identification:_identify(src/control_nodes) by extension 'ignore_ament_install'
[0.515s] Level 1:colcon.colcon_core.package_identification:_identify(src/control_nodes) by extensions ['colcon_pkg']
[0.516s] Level 1:colcon.colcon_core.package_identification:_identify(src/control_nodes) by extension 'colcon_pkg'
[0.516s] Level 1:colcon.colcon_core.package_identification:_identify(src/control_nodes) by extensions ['colcon_meta']
[0.516s] Level 1:colcon.colcon_core.package_identification:_identify(src/control_nodes) by extension 'colcon_meta'
[0.516s] Level 1:colcon.colcon_core.package_identification:_identify(src/control_nodes) by extensions ['ros']
[0.516s] Level 1:colcon.colcon_core.package_identification:_identify(src/control_nodes) by extension 'ros'
[0.518s] DEBUG:colcon.colcon_core.package_identification:Failed to parse potential ROS package manifest in'src/control_nodes': Error(s) in package 'src/control_nodes/package.xml':
Error(s):
- The manifest of package "control_nodes" (with format version 3) must not contain the following tags: build_type
[0.518s] Level 1:colcon.colcon_core.package_identification:_identify(src/control_nodes) by extensions ['cmake', 'python']
[0.518s] Level 1:colcon.colcon_core.package_identification:_identify(src/control_nodes) by extension 'cmake'
[0.518s] Level 1:colcon.colcon_core.package_identification:_identify(src/control_nodes) by extension 'python'
[0.518s] DEBUG:colcon.colcon_core.package_identification:Python package in 'src/control_nodes' passes arguments to the setup() function which requires a different identification extension than 'python'
[0.518s] Level 1:colcon.colcon_core.package_identification:_identify(src/control_nodes) by extensions ['python_setup_py']
[0.518s] Level 1:colcon.colcon_core.package_identification:_identify(src/control_nodes) by extension 'python_setup_py'
[0.912s] DEBUG:colcon.colcon_core.package_identification:Package 'src/control_nodes' with type 'python' and name 'control_nodes'
[0.912s] Level 1:colcon.colcon_core.package_identification:_identify(src/robot_description_pkg) by extensions ['ignore', 'ignore_ament_install']
[0.912s] Level 1:colcon.colcon_core.package_identification:_identify(src/robot_description_pkg) by extension 'ignore'
[0.913s] Level 1:colcon.colcon_core.package_identification:_identify(src/robot_description_pkg) by extension 'ignore_ament_install'
[0.913s] Level 1:colcon.colcon_core.package_identification:_identify(src/robot_description_pkg) by extensions ['colcon_pkg']
[0.913s] Level 1:colcon.colcon_core.package_identification:_identify(src/robot_description_pkg) by extension 'colcon_pkg'
[0.913s] Level 1:colcon.colcon_core.package_identification:_identify(src/robot_description_pkg) by extensions ['colcon_meta']
[0.913s] Level 1:colcon.colcon_core.package_identification:_identify(src/robot_description_pkg) by extension 'colcon_meta'
[0.913s] Level 1:colcon.colcon_core.package_identification:_identify(src/robot_description_pkg) by extensions ['ros']
[0.913s] Level 1:colcon.colcon_core.package_identification:_identify(src/robot_description_pkg) by extension 'ros'
[0.915s] DEBUG:colcon.colcon_core.package_identification:Package 'src/robot_description_pkg' with type 'ros.ament_python' and name 'robot_description_pkg'
[0.915s] Level 1:colcon.colcon_core.package_discovery:discover_packages(recursive) using defaults
[0.916s] Level 1:colcon.colcon_core.package_discovery:discover_packages(ignore) discover
[0.916s] Level 1:colcon.colcon_core.package_discovery:discover_packages(ignore) using defaults
[0.916s] Level 1:colcon.colcon_core.package_discovery:discover_packages(path) discover
[0.916s] Level 1:colcon.colcon_core.package_discovery:discover_packages(path) using defaults
[0.941s] INFO:colcon.colcon_core.package_selection:Skipping not selected package 'robot_description_pkg' in 'src/robot_description_pkg'
[0.942s] Level 1:colcon.colcon_core.package_discovery:discover_packages(prefix_path) check parameters
[0.942s] Level 1:colcon.colcon_core.package_discovery:discover_packages(prefix_path) discover
[0.943s] WARNING:colcon.colcon_ros.prefix_path.ament:The path '/home/monti/robot_localization_ws/install/robot_description_pkg' in the environment variable AMENT_PREFIX_PATH doesn't exist
[0.944s] DEBUG:colcon.colcon_installed_package_information.package_discovery:Found 2 installed packages in /home/monti/robot_localization_ws/ros2_ws/install
[0.945s] DEBUG:colcon.colcon_installed_package_information.package_discovery:Found 2 installed packages in /home/monti/robot_localization_ws/install
[0.948s] DEBUG:colcon.colcon_installed_package_information.package_discovery:Found 506 installed packages in /opt/ros/humble
[0.953s] Level 1:colcon.colcon_core.package_discovery:discover_packages(prefix_path) using defaults
[1.031s] Level 5:colcon.colcon_core.verb:set package 'control_nodes' build argument 'cmake_args' from command line to 'None'
[1.031s] Level 5:colcon.colcon_core.verb:set package 'control_nodes' build argument 'cmake_target' from command line to 'None'
[1.031s] Level 5:colcon.colcon_core.verb:set package 'control_nodes' build argument 'cmake_target_skip_unavailable' from command line to 'False'
[1.031s] Level 5:colcon.colcon_core.verb:set package 'control_nodes' build argument 'cmake_clean_cache' from command line to 'False'
[1.031s] Level 5:colcon.colcon_core.verb:set package 'control_nodes' build argument 'cmake_clean_first' from command line to 'False'
[1.031s] Level 5:colcon.colcon_core.verb:set package 'control_nodes' build argument 'cmake_force_configure' from command line to 'False'
[1.031s] Level 5:colcon.colcon_core.verb:set package 'control_nodes' build argument 'ament_cmake_args' from command line to 'None'
[1.031s] Level 5:colcon.colcon_core.verb:set package 'control_nodes' build argument 'catkin_cmake_args' from command line to 'None'
[1.031s] Level 5:colcon.colcon_core.verb:set package 'control_nodes' build argument 'catkin_skip_building_tests' from command line to 'False'
[1.031s] DEBUG:colcon.colcon_core.verb:Building package 'control_nodes' with the following arguments: {'ament_cmake_args': None, 'build_base': '/home/monti/robot_localization_ws/ros2_ws/build/control_nodes', 'catkin_cmake_args': None, 'catkin_skip_building_tests': False, 'cmake_args': None, 'cmake_clean_cache': False, 'cmake_clean_first': False, 'cmake_force_configure': False, 'cmake_target': None, 'cmake_target_skip_unavailable': False, 'install_base': '/home/monti/robot_localization_ws/ros2_ws/install/control_nodes', 'merge_install': False, 'path': '/home/monti/robot_localization_ws/ros2_ws/src/control_nodes', 'symlink_install': False, 'test_result_base': None}
[1.032s] INFO:colcon.colcon_core.executor:Executing jobs using 'parallel' executor
[1.033s] DEBUG:colcon.colcon_parallel_executor.executor.parallel:run_until_complete
[1.034s] INFO:colcon.colcon_core.task.python.build:Building Python package in '/home/monti/robot_localization_ws/ros2_ws/src/control_nodes'
[1.037s] INFO:colcon.colcon_core.plugin_system:Skipping extension 'colcon_core.shell.bat': Not used on non-Windows systems
[1.037s] INFO:colcon.colcon_core.shell:Skip shell extension 'powershell' for command environment: Not usable outside of PowerShell
[1.037s] DEBUG:colcon.colcon_core.shell:Skip shell extension 'dsv' for command environment
[2.038s] DEBUG:colcon.colcon_core.event_handler.log_command:Invoking command in '/home/monti/robot_localization_ws/ros2_ws/src/control_nodes': PYTHONPATH=/home/monti/robot_localization_ws/ros2_ws/build/control_nodes/prefix_override:/usr/lib/python3/dist-packages/colcon_core/task/python/colcon_distutils_commands:/home/monti/robot_localization_ws/ros2_ws/install/control_nodes/lib/python3.10/site-packages:${PYTHONPATH} /usr/bin/python3 -W ignore:setup.py install is deprecated -W ignore:easy_install command is deprecated setup.py egg_info --egg-base ../../build/control_nodes build --build-base /home/monti/robot_localization_ws/ros2_ws/build/control_nodes/build install --record /home/monti/robot_localization_ws/ros2_ws/build/control_nodes/install.log --single-version-externally-managed install_data
[7.861s] DEBUG:colcon.colcon_core.event_handler.log_command:Invoked command in '/home/monti/robot_localization_ws/ros2_ws/src/control_nodes' returned '0': PYTHONPATH=/home/monti/robot_localization_ws/ros2_ws/build/control_nodes/prefix_override:/usr/lib/python3/dist-packages/colcon_core/task/python/colcon_distutils_commands:/home/monti/robot_localization_ws/ros2_ws/install/control_nodes/lib/python3.10/site-packages:${PYTHONPATH} /usr/bin/python3 -W ignore:setup.py install is deprecated -W ignore:easy_install command is deprecated setup.py egg_info --egg-base ../../build/control_nodes build --build-base /home/monti/robot_localization_ws/ros2_ws/build/control_nodes/build install --record /home/monti/robot_localization_ws/ros2_ws/build/control_nodes/install.log --single-version-externally-managed install_data
[7.864s] Level 1:colcon.colcon_core.environment:checking '/home/monti/robot_localization_ws/ros2_ws/install/control_nodes' for CMake module files
[7.865s] Level 1:colcon.colcon_core.environment:checking '/home/monti/robot_localization_ws/ros2_ws/install/control_nodes' for CMake config files
[7.866s] Level 1:colcon.colcon_core.environment:checking '/home/monti/robot_localization_ws/ros2_ws/install/control_nodes/lib'
[7.866s] Level 1:colcon.colcon_core.environment:checking '/home/monti/robot_localization_ws/ros2_ws/install/control_nodes/bin'
[7.866s] Level 1:colcon.colcon_core.environment:checking '/home/monti/robot_localization_ws/ros2_ws/install/control_nodes/lib/pkgconfig/control_nodes.pc'
[7.866s] Level 1:colcon.colcon_core.environment:checking '/home/monti/robot_localization_ws/ros2_ws/install/control_nodes/lib/python3.10/site-packages'
[7.867s] Level 1:colcon.colcon_core.shell:create_environment_hook('control_nodes', 'pythonpath')
[7.867s] INFO:colcon.colcon_core.shell:Creating environment hook '/home/monti/robot_localization_ws/ros2_ws/install/control_nodes/share/control_nodes/hook/pythonpath.ps1'
[7.868s] INFO:colcon.colcon_core.shell:Creating environment descriptor '/home/monti/robot_localization_ws/ros2_ws/install/control_nodes/share/control_nodes/hook/pythonpath.dsv'
[7.868s] INFO:colcon.colcon_core.shell:Creating environment hook '/home/monti/robot_localization_ws/ros2_ws/install/control_nodes/share/control_nodes/hook/pythonpath.sh'
[7.869s] Level 1:colcon.colcon_core.environment:checking '/home/monti/robot_localization_ws/ros2_ws/install/control_nodes/bin'
[7.869s] Level 1:colcon.colcon_core.environment:create_environment_scripts_only(control_nodes)
[7.870s] INFO:colcon.colcon_core.shell:Creating package script '/home/monti/robot_localization_ws/ros2_ws/install/control_nodes/share/control_nodes/package.ps1'
[7.871s] INFO:colcon.colcon_core.shell:Creating package descriptor '/home/monti/robot_localization_ws/ros2_ws/install/control_nodes/share/control_nodes/package.dsv'
[7.871s] INFO:colcon.colcon_core.shell:Creating package script '/home/monti/robot_localization_ws/ros2_ws/install/control_nodes/share/control_nodes/package.sh'
[7.872s] INFO:colcon.colcon_core.shell:Creating package script '/home/monti/robot_localization_ws/ros2_ws/install/control_nodes/share/control_nodes/package.bash'
[7.873s] INFO:colcon.colcon_core.shell:Creating package script '/home/monti/robot_localization_ws/ros2_ws/install/control_nodes/share/control_nodes/package.zsh'
[7.874s] Level 1:colcon.colcon_core.environment:create_file_with_runtime_dependencies(/home/monti/robot_localization_ws/ros2_ws/install/control_nodes/share/colcon-core/packages/control_nodes)
[7.875s] DEBUG:colcon.colcon_parallel_executor.executor.parallel:closing loop
[7.875s] DEBUG:colcon.colcon_parallel_executor.executor.parallel:loop closed
[7.875s] DEBUG:colcon.colcon_parallel_executor.executor.parallel:run_until_complete finished with '0'
[7.875s] DEBUG:colcon.colcon_core.event_reactor:joining thread
[7.918s] INFO:colcon.colcon_core.plugin_system:Skipping extension 'colcon_notification.desktop_notification.notify_send': Could not find 'notify-send'
[7.919s] INFO:colcon.colcon_core.plugin_system:Skipping extension 'colcon_notification.desktop_notification.terminal_notifier': Not used on non-Darwin systems
[7.919s] INFO:colcon.colcon_core.plugin_system:Skipping extension 'colcon_notification.desktop_notification.win32': Not used on non-Windows systems
[7.919s] INFO:colcon.colcon_notification.desktop_notification:Sending desktop notification using 'notify2'
[7.919s] DEBUG:colcon.colcon_notification.desktop_notification.notify2:Failed to initialize notify2: org.freedesktop.DBus.Error.FileNotFound: Failed to connect to socket /run/user/1000/bus: No such file or directory
[7.919s] DEBUG:colcon.colcon_core.event_reactor:joined thread
[7.920s] INFO:colcon.colcon_core.shell:Creating prefix script '/home/monti/robot_localization_ws/ros2_ws/install/local_setup.ps1'
[7.921s] INFO:colcon.colcon_core.shell:Creating prefix util module '/home/monti/robot_localization_ws/ros2_ws/install/_local_setup_util_ps1.py'
[7.923s] INFO:colcon.colcon_core.shell:Creating prefix chain script '/home/monti/robot_localization_ws/ros2_ws/install/setup.ps1'
[7.924s] INFO:colcon.colcon_core.shell:Creating prefix script '/home/monti/robot_localization_ws/ros2_ws/install/local_setup.sh'
[7.925s] INFO:colcon.colcon_core.shell:Creating prefix util module '/home/monti/robot_localization_ws/ros2_ws/install/_local_setup_util_sh.py'
[7.926s] INFO:colcon.colcon_core.shell:Creating prefix chain script '/home/monti/robot_localization_ws/ros2_ws/install/setup.sh'
[7.927s] INFO:colcon.colcon_core.shell:Creating prefix script '/home/monti/robot_localization_ws/ros2_ws/install/local_setup.bash'
[7.928s] INFO:colcon.colcon_core.shell:Creating prefix chain script '/home/monti/robot_localization_ws/ros2_ws/install/setup.bash'
[7.929s] INFO:colcon.colcon_core.shell:Creating prefix script '/home/monti/robot_localization_ws/ros2_ws/install/local_setup.zsh'
[7.930s] INFO:colcon.colcon_core.shell:Creating prefix chain script '/home/monti/robot_localization_ws/ros2_ws/install/setup.zsh'
