running egg_info
writing ../../../build/control_nodes/control_nodes.egg-info/PKG-INFO
writing dependency_links to ../../../build/control_nodes/control_nodes.egg-info/dependency_links.txt
writing entry points to ../../../build/control_nodes/control_nodes.egg-info/entry_points.txt
writing requirements to ../../../build/control_nodes/control_nodes.egg-info/requires.txt
writing top-level names to ../../../build/control_nodes/control_nodes.egg-info/top_level.txt
reading manifest file '../../../build/control_nodes/control_nodes.egg-info/SOURCES.txt'
writing manifest file '../../../build/control_nodes/control_nodes.egg-info/SOURCES.txt'
running build
running build_py
running install
running install_lib
running install_data
running install_egg_info
removing '/home/monti/robot_localization_ws/install/control_nodes/lib/python3.10/site-packages/control_nodes-0.0.1-py3.10.egg-info' (and everything under it)
Copying ../../../build/control_nodes/control_nodes.egg-info to /home/monti/robot_localization_ws/install/control_nodes/lib/python3.10/site-packages/control_nodes-0.0.1-py3.10.egg-info
running install_scripts
Installing c1_node script to /home/monti/robot_localization_ws/install/control_nodes/lib/control_nodes
Installing c2_node script to /home/monti/robot_localization_ws/install/control_nodes/lib/control_nodes
writing list of installed files to '/home/monti/robot_localization_ws/build/control_nodes/install.log'
