/home/yousefabdelhady/ros2_neurofuzzy_ekf_localization/ros2_ws/install/robot_description_pkg/lib/python3.10/site-packages/robot_description_pkg/__init__.py
/home/yousefabdelhady/ros2_neurofuzzy_ekf_localization/ros2_ws/install/robot_description_pkg/lib/python3.10/site-packages/robot_description_pkg/__pycache__/__init__.cpython-310.pyc
/home/yousefabdelhady/ros2_neurofuzzy_ekf_localization/ros2_ws/install/robot_description_pkg/share/ament_index/resource_index/packages/robot_description_pkg
/home/yousefabdelhady/ros2_neurofuzzy_ekf_localization/ros2_ws/install/robot_description_pkg/share/robot_description_pkg/package.xml
/home/yousefabdelhady/ros2_neurofuzzy_ekf_localization/ros2_ws/install/robot_description_pkg/share/robot_description_pkg/launch/spawn_robot.launch.py
/home/yousefabdelhady/ros2_neurofuzzy_ekf_localization/ros2_ws/install/robot_description_pkg/share/robot_description_pkg/launch/control_nodes.launch.py
/home/yousefabdelhady/ros2_neurofuzzy_ekf_localization/ros2_ws/install/robot_description_pkg/share/robot_description_pkg/launch/world_only.launch.py
/home/yousefabdelhady/ros2_neurofuzzy_ekf_localization/ros2_ws/install/robot_description_pkg/share/robot_description_pkg/worlds/indoor_outdoor.world
/home/yousefabdelhady/ros2_neurofuzzy_ekf_localization/ros2_ws/install/robot_description_pkg/share/robot_description_pkg/urdf/tb3_sensors.gazebo.xacro
/home/yousefabdelhady/ros2_neurofuzzy_ekf_localization/ros2_ws/install/robot_description_pkg/share/robot_description_pkg/urdf/tb3_custom.urdf.xacro
/home/yousefabdelhady/ros2_neurofuzzy_ekf_localization/ros2_ws/install/robot_description_pkg/share/robot_description_pkg/models/indoor_outdoor/model.config
/home/yousefabdelhady/ros2_neurofuzzy_ekf_localization/ros2_ws/install/robot_description_pkg/share/robot_description_pkg/models/indoor_outdoor/model.sdf
/home/yousefabdelhady/ros2_neurofuzzy_ekf_localization/ros2_ws/install/robot_description_pkg/share/robot_description_pkg/meshes/bases/burger_base.stl
/home/yousefabdelhady/ros2_neurofuzzy_ekf_localization/ros2_ws/install/robot_description_pkg/share/robot_description_pkg/meshes/wheels/left_tire.stl
/home/yousefabdelhady/ros2_neurofuzzy_ekf_localization/ros2_ws/install/robot_description_pkg/share/robot_description_pkg/meshes/wheels/right_tire.stl
/home/yousefabdelhady/ros2_neurofuzzy_ekf_localization/ros2_ws/install/robot_description_pkg/share/robot_description_pkg/meshes/sensors/r200.jpg
/home/yousefabdelhady/ros2_neurofuzzy_ekf_localization/ros2_ws/install/robot_description_pkg/share/robot_description_pkg/meshes/sensors/astra.jpg
/home/yousefabdelhady/ros2_neurofuzzy_ekf_localization/ros2_ws/install/robot_description_pkg/share/robot_description_pkg/meshes/sensors/lds.stl
/home/yousefabdelhady/ros2_neurofuzzy_ekf_localization/ros2_ws/install/robot_description_pkg/share/robot_description_pkg/meshes/sensors/astra.dae
/home/yousefabdelhady/ros2_neurofuzzy_ekf_localization/ros2_ws/install/robot_description_pkg/share/robot_description_pkg/meshes/sensors/r200.dae
/home/yousefabdelhady/ros2_neurofuzzy_ekf_localization/ros2_ws/install/robot_description_pkg/lib/python3.10/site-packages/robot_description_pkg-0.0.0-py3.10.egg-info/dependency_links.txt
/home/yousefabdelhady/ros2_neurofuzzy_ekf_localization/ros2_ws/install/robot_description_pkg/lib/python3.10/site-packages/robot_description_pkg-0.0.0-py3.10.egg-info/top_level.txt
/home/yousefabdelhady/ros2_neurofuzzy_ekf_localization/ros2_ws/install/robot_description_pkg/lib/python3.10/site-packages/robot_description_pkg-0.0.0-py3.10.egg-info/requires.txt
/home/yousefabdelhady/ros2_neurofuzzy_ekf_localization/ros2_ws/install/robot_description_pkg/lib/python3.10/site-packages/robot_description_pkg-0.0.0-py3.10.egg-info/entry_points.txt
/home/yousefabdelhady/ros2_neurofuzzy_ekf_localization/ros2_ws/install/robot_description_pkg/lib/python3.10/site-packages/robot_description_pkg-0.0.0-py3.10.egg-info/PKG-INFO
/home/yousefabdelhady/ros2_neurofuzzy_ekf_localization/ros2_ws/install/robot_description_pkg/lib/python3.10/site-packages/robot_description_pkg-0.0.0-py3.10.egg-info/SOURCES.txt
/home/yousefabdelhady/ros2_neurofuzzy_ekf_localization/ros2_ws/install/robot_description_pkg/lib/python3.10/site-packages/robot_description_pkg-0.0.0-py3.10.egg-info/zip-safe
/home/yousefabdelhady/ros2_neurofuzzy_ekf_localization/ros2_ws/install/robot_description_pkg/lib/robot_description_pkg/c1_node
/home/yousefabdelhady/ros2_neurofuzzy_ekf_localization/ros2_ws/install/robot_description_pkg/lib/robot_description_pkg/c2_node
