[1.040s] Invoking command in '/home/monti/robot_localization_ws/ros2_ws/src/control_nodes': PYTHONPATH=/home/monti/robot_localization_ws/build/control_nodes/prefix_override:/usr/lib/python3/dist-packages/colcon_core/task/python/colcon_distutils_commands:/home/monti/robot_localization_ws/install/lib/python3.10/site-packages:${PYTHONPATH} /usr/bin/python3 -W ignore:setup.py install is deprecated -W ignore:easy_install command is deprecated setup.py egg_info --egg-base ../../../build/control_nodes build --build-base /home/monti/robot_localization_ws/build/control_nodes/build install --record /home/monti/robot_localization_ws/build/control_nodes/install.log --single-version-externally-managed install_data
[1.365s] running egg_info
[1.365s] writing ../../../build/control_nodes/control_nodes.egg-info/PKG-INFO
[1.366s] writing dependency_links to ../../../build/control_nodes/control_nodes.egg-info/dependency_links.txt
[1.366s] writing entry points to ../../../build/control_nodes/control_nodes.egg-info/entry_points.txt
[1.366s] writing requirements to ../../../build/control_nodes/control_nodes.egg-info/requires.txt
[1.367s] writing top-level names to ../../../build/control_nodes/control_nodes.egg-info/top_level.txt
[1.368s] reading manifest file '../../../build/control_nodes/control_nodes.egg-info/SOURCES.txt'
[1.369s] writing manifest file '../../../build/control_nodes/control_nodes.egg-info/SOURCES.txt'
[1.370s] running build
[1.370s] running build_py
[1.370s] running install
[1.370s] running install_lib
[1.371s] creating /home/monti/robot_localization_ws/install/lib/python3.10/site-packages/control_nodes
[1.372s] copying /home/monti/robot_localization_ws/build/control_nodes/build/lib/control_nodes/__init__.py -> /home/monti/robot_localization_ws/install/lib/python3.10/site-packages/control_nodes
[1.372s] copying /home/monti/robot_localization_ws/build/control_nodes/build/lib/control_nodes/c2_node.py -> /home/monti/robot_localization_ws/install/lib/python3.10/site-packages/control_nodes
[1.403s] copying /home/monti/robot_localization_ws/build/control_nodes/build/lib/control_nodes/c1_node.py -> /home/monti/robot_localization_ws/install/lib/python3.10/site-packages/control_nodes
[1.404s] byte-compiling /home/monti/robot_localization_ws/install/lib/python3.10/site-packages/control_nodes/__init__.py to __init__.cpython-310.pyc
[1.404s] byte-compiling /home/monti/robot_localization_ws/install/lib/python3.10/site-packages/control_nodes/c2_node.py to c2_node.cpython-310.pyc
[1.405s] byte-compiling /home/monti/robot_localization_ws/install/lib/python3.10/site-packages/control_nodes/c1_node.py to c1_node.cpython-310.pyc
[1.406s] running install_data
[1.406s] creating /home/monti/robot_localization_ws/install/share/ament_index
[1.407s] creating /home/monti/robot_localization_ws/install/share/ament_index/resource_index
[1.407s] creating /home/monti/robot_localization_ws/install/share/ament_index/resource_index/packages
[1.408s] copying resource/control_nodes -> /home/monti/robot_localization_ws/install/share/ament_index/resource_index/packages
[1.408s] creating /home/monti/robot_localization_ws/install/share/control_nodes
[1.409s] copying package.xml -> /home/monti/robot_localization_ws/install/share/control_nodes
[1.409s] running install_egg_info
[1.412s] Copying ../../../build/control_nodes/control_nodes.egg-info to /home/monti/robot_localization_ws/install/lib/python3.10/site-packages/control_nodes-0.0.1-py3.10.egg-info
[1.414s] running install_scripts
[1.447s] Installing c1_node script to /home/monti/robot_localization_ws/install/lib/control_nodes
[1.448s] Installing c2_node script to /home/monti/robot_localization_ws/install/lib/control_nodes
[1.449s] writing list of installed files to '/home/monti/robot_localization_ws/build/control_nodes/install.log'
[1.483s] Invoked command in '/home/monti/robot_localization_ws/ros2_ws/src/control_nodes' returned '0': PYTHONPATH=/home/monti/robot_localization_ws/build/control_nodes/prefix_override:/usr/lib/python3/dist-packages/colcon_core/task/python/colcon_distutils_commands:/home/monti/robot_localization_ws/install/lib/python3.10/site-packages:${PYTHONPATH} /usr/bin/python3 -W ignore:setup.py install is deprecated -W ignore:easy_install command is deprecated setup.py egg_info --egg-base ../../../build/control_nodes build --build-base /home/monti/robot_localization_ws/build/control_nodes/build install --record /home/monti/robot_localization_ws/build/control_nodes/install.log --single-version-externally-managed install_data
