[1.252s] Invoking command in '/home/monti/robot_localization_ws/ros2_ws/src/robot_description_pkg': PYTHONPATH=/home/monti/robot_localization_ws/build/robot_description_pkg/prefix_override:/usr/lib/python3/dist-packages/colcon_core/task/python/colcon_distutils_commands:/home/monti/robot_localization_ws/install/robot_description_pkg/lib/python3.10/site-packages:${PYTHONPATH} /usr/bin/python3 -W ignore:setup.py install is deprecated -W ignore:easy_install command is deprecated setup.py egg_info --egg-base ../../../build/robot_description_pkg build --build-base /home/monti/robot_localization_ws/build/robot_description_pkg/build install --record /home/monti/robot_localization_ws/build/robot_description_pkg/install.log --single-version-externally-managed install_data
[1.588s] running egg_info
[1.589s] creating ../../../build/robot_description_pkg/robot_description_pkg.egg-info
[1.590s] writing ../../../build/robot_description_pkg/robot_description_pkg.egg-info/PKG-INFO
[1.590s] writing dependency_links to ../../../build/robot_description_pkg/robot_description_pkg.egg-info/dependency_links.txt
[1.591s] writing entry points to ../../../build/robot_description_pkg/robot_description_pkg.egg-info/entry_points.txt
[1.591s] writing requirements to ../../../build/robot_description_pkg/robot_description_pkg.egg-info/requires.txt
[1.591s] writing top-level names to ../../../build/robot_description_pkg/robot_description_pkg.egg-info/top_level.txt
[1.591s] writing manifest file '../../../build/robot_description_pkg/robot_description_pkg.egg-info/SOURCES.txt'
[1.593s] reading manifest file '../../../build/robot_description_pkg/robot_description_pkg.egg-info/SOURCES.txt'
[1.594s] writing manifest file '../../../build/robot_description_pkg/robot_description_pkg.egg-info/SOURCES.txt'
[1.595s] running build
[1.595s] running build_py
[1.595s] creating /home/monti/robot_localization_ws/build/robot_description_pkg/build
[1.595s] creating /home/monti/robot_localization_ws/build/robot_description_pkg/build/lib
[1.596s] creating /home/monti/robot_localization_ws/build/robot_description_pkg/build/lib/robot_description_pkg
[1.597s] copying robot_description_pkg/__init__.py -> /home/monti/robot_localization_ws/build/robot_description_pkg/build/lib/robot_description_pkg
[1.597s] creating /home/monti/robot_localization_ws/build/robot_description_pkg/build/lib/robot_description_pkg/controllers
[1.598s] copying robot_description_pkg/controllers/__init__.py -> /home/monti/robot_localization_ws/build/robot_description_pkg/build/lib/robot_description_pkg/controllers
[1.598s] copying robot_description_pkg/controllers/c2_node.py -> /home/monti/robot_localization_ws/build/robot_description_pkg/build/lib/robot_description_pkg/controllers
[1.598s] copying robot_description_pkg/controllers/c1_node.py -> /home/monti/robot_localization_ws/build/robot_description_pkg/build/lib/robot_description_pkg/controllers
[1.599s] running install
[1.599s] running install_lib
[1.600s] creating /home/monti/robot_localization_ws/install/robot_description_pkg/lib/python3.10/site-packages/robot_description_pkg
[1.601s] copying /home/monti/robot_localization_ws/build/robot_description_pkg/build/lib/robot_description_pkg/__init__.py -> /home/monti/robot_localization_ws/install/robot_description_pkg/lib/python3.10/site-packages/robot_description_pkg
[1.601s] creating /home/monti/robot_localization_ws/install/robot_description_pkg/lib/python3.10/site-packages/robot_description_pkg/controllers
[1.602s] copying /home/monti/robot_localization_ws/build/robot_description_pkg/build/lib/robot_description_pkg/controllers/__init__.py -> /home/monti/robot_localization_ws/install/robot_description_pkg/lib/python3.10/site-packages/robot_description_pkg/controllers
[1.602s] copying /home/monti/robot_localization_ws/build/robot_description_pkg/build/lib/robot_description_pkg/controllers/c2_node.py -> /home/monti/robot_localization_ws/install/robot_description_pkg/lib/python3.10/site-packages/robot_description_pkg/controllers
[1.602s] copying /home/monti/robot_localization_ws/build/robot_description_pkg/build/lib/robot_description_pkg/controllers/c1_node.py -> /home/monti/robot_localization_ws/install/robot_description_pkg/lib/python3.10/site-packages/robot_description_pkg/controllers
[1.603s] byte-compiling /home/monti/robot_localization_ws/install/robot_description_pkg/lib/python3.10/site-packages/robot_description_pkg/__init__.py to __init__.cpython-310.pyc
[1.604s] byte-compiling /home/monti/robot_localization_ws/install/robot_description_pkg/lib/python3.10/site-packages/robot_description_pkg/controllers/__init__.py to __init__.cpython-310.pyc
[1.605s] byte-compiling /home/monti/robot_localization_ws/install/robot_description_pkg/lib/python3.10/site-packages/robot_description_pkg/controllers/c2_node.py to c2_node.cpython-310.pyc
[1.606s] byte-compiling /home/monti/robot_localization_ws/install/robot_description_pkg/lib/python3.10/site-packages/robot_description_pkg/controllers/c1_node.py to c1_node.cpython-310.pyc
[1.607s] running install_data
[1.607s] creating /home/monti/robot_localization_ws/install/robot_description_pkg/share/ament_index
[1.608s] creating /home/monti/robot_localization_ws/install/robot_description_pkg/share/ament_index/resource_index
[1.608s] creating /home/monti/robot_localization_ws/install/robot_description_pkg/share/ament_index/resource_index/packages
[1.609s] copying resource/robot_description_pkg -> /home/monti/robot_localization_ws/install/robot_description_pkg/share/ament_index/resource_index/packages
[1.609s] copying package.xml -> /home/monti/robot_localization_ws/install/robot_description_pkg/share/robot_description_pkg
[1.610s] creating /home/monti/robot_localization_ws/install/robot_description_pkg/share/robot_description_pkg/launch
[1.610s] copying launch/world_only.launch.py -> /home/monti/robot_localization_ws/install/robot_description_pkg/share/robot_description_pkg/launch
[1.611s] copying launch/control_nodes.launch.py -> /home/monti/robot_localization_ws/install/robot_description_pkg/share/robot_description_pkg/launch
[1.612s] copying launch/spawn_robot.launch.py -> /home/monti/robot_localization_ws/install/robot_description_pkg/share/robot_description_pkg/launch
[1.612s] creating /home/monti/robot_localization_ws/install/robot_description_pkg/share/robot_description_pkg/worlds
[1.613s] copying worlds/indoor_outdoor.world -> /home/monti/robot_localization_ws/install/robot_description_pkg/share/robot_description_pkg/worlds
[1.614s] creating /home/monti/robot_localization_ws/install/robot_description_pkg/share/robot_description_pkg/urdf
[1.614s] copying urdf/tb3_custom.urdf.xacro -> /home/monti/robot_localization_ws/install/robot_description_pkg/share/robot_description_pkg/urdf
[1.615s] copying urdf/tb3_sensors.gazebo.xacro -> /home/monti/robot_localization_ws/install/robot_description_pkg/share/robot_description_pkg/urdf
[1.615s] creating /home/monti/robot_localization_ws/install/robot_description_pkg/share/robot_description_pkg/models
[1.616s] creating /home/monti/robot_localization_ws/install/robot_description_pkg/share/robot_description_pkg/models/indoor_outdoor
[1.616s] copying models/indoor_outdoor/model.config -> /home/monti/robot_localization_ws/install/robot_description_pkg/share/robot_description_pkg/models/indoor_outdoor
[1.617s] copying models/indoor_outdoor/model.sdf -> /home/monti/robot_localization_ws/install/robot_description_pkg/share/robot_description_pkg/models/indoor_outdoor
[1.617s] creating /home/monti/robot_localization_ws/install/robot_description_pkg/share/robot_description_pkg/meshes
[1.618s] creating /home/monti/robot_localization_ws/install/robot_description_pkg/share/robot_description_pkg/meshes/sensors
[1.619s] copying meshes/sensors/r200.jpg -> /home/monti/robot_localization_ws/install/robot_description_pkg/share/robot_description_pkg/meshes/sensors
[1.619s] copying meshes/sensors/astra.jpg -> /home/monti/robot_localization_ws/install/robot_description_pkg/share/robot_description_pkg/meshes/sensors
[1.621s] copying meshes/sensors/lds.stl -> /home/monti/robot_localization_ws/install/robot_description_pkg/share/robot_description_pkg/meshes/sensors
[1.623s] copying meshes/sensors/astra.dae -> /home/monti/robot_localization_ws/install/robot_description_pkg/share/robot_description_pkg/meshes/sensors
[1.661s] copying meshes/sensors/r200.dae -> /home/monti/robot_localization_ws/install/robot_description_pkg/share/robot_description_pkg/meshes/sensors
[1.662s] creating /home/monti/robot_localization_ws/install/robot_description_pkg/share/robot_description_pkg/meshes/wheels
[1.663s] copying meshes/wheels/left_tire.stl -> /home/monti/robot_localization_ws/install/robot_description_pkg/share/robot_description_pkg/meshes/wheels
[1.669s] copying meshes/wheels/right_tire.stl -> /home/monti/robot_localization_ws/install/robot_description_pkg/share/robot_description_pkg/meshes/wheels
[1.677s] creating /home/monti/robot_localization_ws/install/robot_description_pkg/share/robot_description_pkg/meshes/bases
[1.678s] copying meshes/bases/burger_base.stl -> /home/monti/robot_localization_ws/install/robot_description_pkg/share/robot_description_pkg/meshes/bases
[1.703s] running install_egg_info
[1.706s] Copying ../../../build/robot_description_pkg/robot_description_pkg.egg-info to /home/monti/robot_localization_ws/install/robot_description_pkg/lib/python3.10/site-packages/robot_description_pkg-0.0.0-py3.10.egg-info
[1.709s] running install_scripts
[1.739s] Installing c1_node script to /home/monti/robot_localization_ws/install/robot_description_pkg/lib/robot_description_pkg
[1.740s] Installing c2_node script to /home/monti/robot_localization_ws/install/robot_description_pkg/lib/robot_description_pkg
[1.740s] writing list of installed files to '/home/monti/robot_localization_ws/build/robot_description_pkg/install.log'
[1.771s] Invoked command in '/home/monti/robot_localization_ws/ros2_ws/src/robot_description_pkg' returned '0': PYTHONPATH=/home/monti/robot_localization_ws/build/robot_description_pkg/prefix_override:/usr/lib/python3/dist-packages/colcon_core/task/python/colcon_distutils_commands:/home/monti/robot_localization_ws/install/robot_description_pkg/lib/python3.10/site-packages:${PYTHONPATH} /usr/bin/python3 -W ignore:setup.py install is deprecated -W ignore:easy_install command is deprecated setup.py egg_info --egg-base ../../../build/robot_description_pkg build --build-base /home/monti/robot_localization_ws/build/robot_description_pkg/build install --record /home/monti/robot_localization_ws/build/robot_description_pkg/install.log --single-version-externally-managed install_data
