[0.450s] DEBUG:colcon:Command line arguments: ['/usr/bin/colcon', 'build']
[0.451s] DEBUG:colcon:Parsed command line arguments: Namespace(log_base=None, log_level=None, verb_name='build', build_base='build', install_base='install', merge_install=False, symlink_install=False, test_result_base=None, continue_on_error=False, executor='parallel', parallel_workers=16, event_handlers=None, ignore_user_meta=False, metas=['./colcon.meta'], base_paths=['.'], packages_ignore=None, packages_ignore_regex=None, paths=None, packages_up_to=None, packages_up_to_regex=None, packages_above=None, packages_above_and_dependencies=None, packages_above_depth=None, packages_select_by_dep=None, packages_skip_by_dep=None, packages_skip_up_to=None, packages_select_build_failed=False, packages_skip_build_finished=False, packages_select_test_failures=False, packages_skip_test_passed=False, packages_select=None, packages_skip=None, packages_select_regex=None, packages_skip_regex=None, packages_start=None, packages_end=None, allow_overriding=[], cmake_args=None, cmake_target=None, cmake_target_skip_unavailable=False, cmake_clean_cache=False, cmake_clean_first=False, cmake_force_configure=False, ament_cmake_args=None, catkin_cmake_args=None, catkin_skip_building_tests=False, mixin_files=None, mixin=None, verb_parser=<colcon_mixin.mixin.mixin_argument.MixinArgumentDecorator object at 0x75f05d253550>, verb_extension=<colcon_core.verb.build.BuildVerb object at 0x75f05d253010>, main=<bound method BuildVerb.main of <colcon_core.verb.build.BuildVerb object at 0x75f05d253010>>, mixin_verb=('build',))
[0.613s] Level 1:colcon.colcon_core.package_discovery:discover_packages(colcon_meta) check parameters
[0.615s] Level 1:colcon.colcon_core.package_discovery:discover_packages(recursive) check parameters
[0.615s] Level 1:colcon.colcon_core.package_discovery:discover_packages(ignore) check parameters
[0.615s] Level 1:colcon.colcon_core.package_discovery:discover_packages(path) check parameters
[0.615s] Level 1:colcon.colcon_core.package_discovery:discover_packages(colcon_meta) discover
[0.615s] Level 1:colcon.colcon_core.package_discovery:discover_packages(recursive) discover
[0.615s] INFO:colcon.colcon_core.package_discovery:Crawling recursively for packages in '/home/monti/robot_localization_ws/ros2_ws'
[0.616s] Level 1:colcon.colcon_core.package_identification:_identify(.) by extensions ['ignore', 'ignore_ament_install']
[0.620s] Level 1:colcon.colcon_core.package_identification:_identify(.) by extension 'ignore'
[0.620s] Level 1:colcon.colcon_core.package_identification:_identify(.) by extension 'ignore_ament_install'
[0.620s] Level 1:colcon.colcon_core.package_identification:_identify(.) by extensions ['colcon_pkg']
[0.620s] Level 1:colcon.colcon_core.package_identification:_identify(.) by extension 'colcon_pkg'
[0.620s] Level 1:colcon.colcon_core.package_identification:_identify(.) by extensions ['colcon_meta']
[0.620s] Level 1:colcon.colcon_core.package_identification:_identify(.) by extension 'colcon_meta'
[0.620s] Level 1:colcon.colcon_core.package_identification:_identify(.) by extensions ['ros']
[0.620s] Level 1:colcon.colcon_core.package_identification:_identify(.) by extension 'ros'
[0.685s] Level 1:colcon.colcon_core.package_identification:_identify(.) by extensions ['cmake', 'python']
[0.686s] Level 1:colcon.colcon_core.package_identification:_identify(.) by extension 'cmake'
[0.686s] Level 1:colcon.colcon_core.package_identification:_identify(.) by extension 'python'
[0.686s] Level 1:colcon.colcon_core.package_identification:_identify(.) by extensions ['python_setup_py']
[0.686s] Level 1:colcon.colcon_core.package_identification:_identify(.) by extension 'python_setup_py'
[0.687s] Level 1:colcon.colcon_core.package_identification:_identify(build) by extensions ['ignore', 'ignore_ament_install']
[0.687s] Level 1:colcon.colcon_core.package_identification:_identify(build) by extension 'ignore'
[0.687s] Level 1:colcon.colcon_core.package_identification:_identify(build) ignored
[0.688s] Level 1:colcon.colcon_core.package_identification:_identify(install) by extensions ['ignore', 'ignore_ament_install']
[0.688s] Level 1:colcon.colcon_core.package_identification:_identify(install) by extension 'ignore'
[0.688s] Level 1:colcon.colcon_core.package_identification:_identify(install) ignored
[0.688s] Level 1:colcon.colcon_core.package_identification:_identify(log) by extensions ['ignore', 'ignore_ament_install']
[0.688s] Level 1:colcon.colcon_core.package_identification:_identify(log) by extension 'ignore'
[0.688s] Level 1:colcon.colcon_core.package_identification:_identify(log) ignored
[0.688s] Level 1:colcon.colcon_core.package_identification:_identify(src) by extensions ['ignore', 'ignore_ament_install']
[0.688s] Level 1:colcon.colcon_core.package_identification:_identify(src) by extension 'ignore'
[0.689s] Level 1:colcon.colcon_core.package_identification:_identify(src) by extension 'ignore_ament_install'
[0.689s] Level 1:colcon.colcon_core.package_identification:_identify(src) by extensions ['colcon_pkg']
[0.689s] Level 1:colcon.colcon_core.package_identification:_identify(src) by extension 'colcon_pkg'
[0.689s] Level 1:colcon.colcon_core.package_identification:_identify(src) by extensions ['colcon_meta']
[0.689s] Level 1:colcon.colcon_core.package_identification:_identify(src) by extension 'colcon_meta'
[0.689s] Level 1:colcon.colcon_core.package_identification:_identify(src) by extensions ['ros']
[0.689s] Level 1:colcon.colcon_core.package_identification:_identify(src) by extension 'ros'
[0.689s] Level 1:colcon.colcon_core.package_identification:_identify(src) by extensions ['cmake', 'python']
[0.689s] Level 1:colcon.colcon_core.package_identification:_identify(src) by extension 'cmake'
[0.689s] Level 1:colcon.colcon_core.package_identification:_identify(src) by extension 'python'
[0.689s] Level 1:colcon.colcon_core.package_identification:_identify(src) by extensions ['python_setup_py']
[0.689s] Level 1:colcon.colcon_core.package_identification:_identify(src) by extension 'python_setup_py'
[0.690s] Level 1:colcon.colcon_core.package_identification:_identify(src/control_nodes) by extensions ['ignore', 'ignore_ament_install']
[0.690s] Level 1:colcon.colcon_core.package_identification:_identify(src/control_nodes) by extension 'ignore'
[0.690s] Level 1:colcon.colcon_core.package_identification:_identify(src/control_nodes) by extension 'ignore_ament_install'
[0.690s] Level 1:colcon.colcon_core.package_identification:_identify(src/control_nodes) by extensions ['colcon_pkg']
[0.690s] Level 1:colcon.colcon_core.package_identification:_identify(src/control_nodes) by extension 'colcon_pkg'
[0.690s] Level 1:colcon.colcon_core.package_identification:_identify(src/control_nodes) by extensions ['colcon_meta']
[0.690s] Level 1:colcon.colcon_core.package_identification:_identify(src/control_nodes) by extension 'colcon_meta'
[0.691s] Level 1:colcon.colcon_core.package_identification:_identify(src/control_nodes) by extensions ['ros']
[0.691s] Level 1:colcon.colcon_core.package_identification:_identify(src/control_nodes) by extension 'ros'
[0.697s] DEBUG:colcon.colcon_core.package_identification:Failed to parse potential ROS package manifest in'src/control_nodes': Error(s) in package 'src/control_nodes/package.xml':
Error(s):
- The manifest of package "control_nodes" (with format version 3) must not contain the following tags: build_type
[0.697s] Level 1:colcon.colcon_core.package_identification:_identify(src/control_nodes) by extensions ['cmake', 'python']
[0.697s] Level 1:colcon.colcon_core.package_identification:_identify(src/control_nodes) by extension 'cmake'
[0.697s] Level 1:colcon.colcon_core.package_identification:_identify(src/control_nodes) by extension 'python'
[0.698s] DEBUG:colcon.colcon_core.package_identification:Python package in 'src/control_nodes' passes arguments to the setup() function which requires a different identification extension than 'python'
[0.698s] Level 1:colcon.colcon_core.package_identification:_identify(src/control_nodes) by extensions ['python_setup_py']
[0.698s] Level 1:colcon.colcon_core.package_identification:_identify(src/control_nodes) by extension 'python_setup_py'
[1.107s] DEBUG:colcon.colcon_core.package_identification:Package 'src/control_nodes' with type 'python' and name 'control_nodes'
[1.108s] Level 1:colcon.colcon_core.package_identification:_identify(src/robot_description_pkg) by extensions ['ignore', 'ignore_ament_install']
[1.108s] Level 1:colcon.colcon_core.package_identification:_identify(src/robot_description_pkg) by extension 'ignore'
[1.108s] Level 1:colcon.colcon_core.package_identification:_identify(src/robot_description_pkg) by extension 'ignore_ament_install'
[1.108s] Level 1:colcon.colcon_core.package_identification:_identify(src/robot_description_pkg) by extensions ['colcon_pkg']
[1.108s] Level 1:colcon.colcon_core.package_identification:_identify(src/robot_description_pkg) by extension 'colcon_pkg'
[1.108s] Level 1:colcon.colcon_core.package_identification:_identify(src/robot_description_pkg) by extensions ['colcon_meta']
[1.109s] Level 1:colcon.colcon_core.package_identification:_identify(src/robot_description_pkg) by extension 'colcon_meta'
[1.109s] Level 1:colcon.colcon_core.package_identification:_identify(src/robot_description_pkg) by extensions ['ros']
[1.109s] Level 1:colcon.colcon_core.package_identification:_identify(src/robot_description_pkg) by extension 'ros'
[1.112s] DEBUG:colcon.colcon_core.package_identification:Package 'src/robot_description_pkg' with type 'ros.ament_python' and name 'robot_description_pkg'
[1.112s] Level 1:colcon.colcon_core.package_discovery:discover_packages(recursive) using defaults
[1.112s] Level 1:colcon.colcon_core.package_discovery:discover_packages(ignore) discover
[1.112s] Level 1:colcon.colcon_core.package_discovery:discover_packages(ignore) using defaults
[1.112s] Level 1:colcon.colcon_core.package_discovery:discover_packages(path) discover
[1.112s] Level 1:colcon.colcon_core.package_discovery:discover_packages(path) using defaults
[1.170s] Level 1:colcon.colcon_core.package_discovery:discover_packages(prefix_path) check parameters
[1.170s] Level 1:colcon.colcon_core.package_discovery:discover_packages(prefix_path) discover
[1.173s] WARNING:colcon.colcon_ros.prefix_path.ament:The path '/home/monti/robot_localization_ws/install/robot_description_pkg' in the environment variable AMENT_PREFIX_PATH doesn't exist
[1.176s] DEBUG:colcon.colcon_installed_package_information.package_discovery:Found 1 installed packages in /home/monti/robot_localization_ws/install
[1.181s] DEBUG:colcon.colcon_installed_package_information.package_discovery:Found 506 installed packages in /opt/ros/humble
[1.185s] Level 1:colcon.colcon_core.package_discovery:discover_packages(prefix_path) using defaults
[1.366s] Level 5:colcon.colcon_core.verb:set package 'control_nodes' build argument 'cmake_args' from command line to 'None'
[1.366s] Level 5:colcon.colcon_core.verb:set package 'control_nodes' build argument 'cmake_target' from command line to 'None'
[1.366s] Level 5:colcon.colcon_core.verb:set package 'control_nodes' build argument 'cmake_target_skip_unavailable' from command line to 'False'
[1.366s] Level 5:colcon.colcon_core.verb:set package 'control_nodes' build argument 'cmake_clean_cache' from command line to 'False'
[1.366s] Level 5:colcon.colcon_core.verb:set package 'control_nodes' build argument 'cmake_clean_first' from command line to 'False'
[1.366s] Level 5:colcon.colcon_core.verb:set package 'control_nodes' build argument 'cmake_force_configure' from command line to 'False'
[1.366s] Level 5:colcon.colcon_core.verb:set package 'control_nodes' build argument 'ament_cmake_args' from command line to 'None'
[1.366s] Level 5:colcon.colcon_core.verb:set package 'control_nodes' build argument 'catkin_cmake_args' from command line to 'None'
[1.366s] Level 5:colcon.colcon_core.verb:set package 'control_nodes' build argument 'catkin_skip_building_tests' from command line to 'False'
[1.366s] DEBUG:colcon.colcon_core.verb:Building package 'control_nodes' with the following arguments: {'ament_cmake_args': None, 'build_base': '/home/monti/robot_localization_ws/ros2_ws/build/control_nodes', 'catkin_cmake_args': None, 'catkin_skip_building_tests': False, 'cmake_args': None, 'cmake_clean_cache': False, 'cmake_clean_first': False, 'cmake_force_configure': False, 'cmake_target': None, 'cmake_target_skip_unavailable': False, 'install_base': '/home/monti/robot_localization_ws/ros2_ws/install/control_nodes', 'merge_install': False, 'path': '/home/monti/robot_localization_ws/ros2_ws/src/control_nodes', 'symlink_install': False, 'test_result_base': None}
[1.367s] Level 5:colcon.colcon_core.verb:set package 'robot_description_pkg' build argument 'cmake_args' from command line to 'None'
[1.367s] Level 5:colcon.colcon_core.verb:set package 'robot_description_pkg' build argument 'cmake_target' from command line to 'None'
[1.367s] Level 5:colcon.colcon_core.verb:set package 'robot_description_pkg' build argument 'cmake_target_skip_unavailable' from command line to 'False'
[1.367s] Level 5:colcon.colcon_core.verb:set package 'robot_description_pkg' build argument 'cmake_clean_cache' from command line to 'False'
[1.367s] Level 5:colcon.colcon_core.verb:set package 'robot_description_pkg' build argument 'cmake_clean_first' from command line to 'False'
[1.367s] Level 5:colcon.colcon_core.verb:set package 'robot_description_pkg' build argument 'cmake_force_configure' from command line to 'False'
[1.367s] Level 5:colcon.colcon_core.verb:set package 'robot_description_pkg' build argument 'ament_cmake_args' from command line to 'None'
[1.367s] Level 5:colcon.colcon_core.verb:set package 'robot_description_pkg' build argument 'catkin_cmake_args' from command line to 'None'
[1.367s] Level 5:colcon.colcon_core.verb:set package 'robot_description_pkg' build argument 'catkin_skip_building_tests' from command line to 'False'
[1.367s] DEBUG:colcon.colcon_core.verb:Building package 'robot_description_pkg' with the following arguments: {'ament_cmake_args': None, 'build_base': '/home/monti/robot_localization_ws/ros2_ws/build/robot_description_pkg', 'catkin_cmake_args': None, 'catkin_skip_building_tests': False, 'cmake_args': None, 'cmake_clean_cache': False, 'cmake_clean_first': False, 'cmake_force_configure': False, 'cmake_target': None, 'cmake_target_skip_unavailable': False, 'install_base': '/home/monti/robot_localization_ws/ros2_ws/install/robot_description_pkg', 'merge_install': False, 'path': '/home/monti/robot_localization_ws/ros2_ws/src/robot_description_pkg', 'symlink_install': False, 'test_result_base': None}
[1.367s] INFO:colcon.colcon_core.executor:Executing jobs using 'parallel' executor
[1.370s] DEBUG:colcon.colcon_parallel_executor.executor.parallel:run_until_complete
[1.370s] INFO:colcon.colcon_core.task.python.build:Building Python package in '/home/monti/robot_localization_ws/ros2_ws/src/control_nodes'
[1.382s] INFO:colcon.colcon_core.plugin_system:Skipping extension 'colcon_core.shell.bat': Not used on non-Windows systems
[1.383s] INFO:colcon.colcon_core.shell:Skip shell extension 'powershell' for command environment: Not usable outside of PowerShell
[1.383s] DEBUG:colcon.colcon_core.shell:Skip shell extension 'dsv' for command environment
[1.391s] INFO:colcon.colcon_ros.task.ament_python.build:Building ROS package in '/home/monti/robot_localization_ws/ros2_ws/src/robot_description_pkg' with build type 'ament_python'
[1.391s] Level 1:colcon.colcon_core.shell:create_environment_hook('robot_description_pkg', 'ament_prefix_path')
[1.391s] INFO:colcon.colcon_core.shell:Creating environment hook '/home/monti/robot_localization_ws/ros2_ws/install/robot_description_pkg/share/robot_description_pkg/hook/ament_prefix_path.ps1'
[1.393s] INFO:colcon.colcon_core.shell:Creating environment descriptor '/home/monti/robot_localization_ws/ros2_ws/install/robot_description_pkg/share/robot_description_pkg/hook/ament_prefix_path.dsv'
[1.394s] INFO:colcon.colcon_core.shell:Creating environment hook '/home/monti/robot_localization_ws/ros2_ws/install/robot_description_pkg/share/robot_description_pkg/hook/ament_prefix_path.sh'
[1.395s] INFO:colcon.colcon_core.shell:Skip shell extension 'powershell' for command environment: Not usable outside of PowerShell
[1.395s] DEBUG:colcon.colcon_core.shell:Skip shell extension 'dsv' for command environment
[2.186s] INFO:colcon.colcon_core.task.python.build:Building Python package in '/home/monti/robot_localization_ws/ros2_ws/src/robot_description_pkg'
[2.186s] INFO:colcon.colcon_core.shell:Skip shell extension 'powershell' for command environment: Not usable outside of PowerShell
[2.186s] DEBUG:colcon.colcon_core.shell:Skip shell extension 'dsv' for command environment
[2.510s] DEBUG:colcon.colcon_core.event_handler.log_command:Invoking command in '/home/monti/robot_localization_ws/ros2_ws/src/control_nodes': PYTHONPATH=/home/monti/robot_localization_ws/ros2_ws/build/control_nodes/prefix_override:/usr/lib/python3/dist-packages/colcon_core/task/python/colcon_distutils_commands:/home/monti/robot_localization_ws/ros2_ws/install/control_nodes/lib/python3.10/site-packages:${PYTHONPATH} /usr/bin/python3 -W ignore:setup.py install is deprecated -W ignore:easy_install command is deprecated setup.py egg_info --egg-base ../../build/control_nodes build --build-base /home/monti/robot_localization_ws/ros2_ws/build/control_nodes/build install --record /home/monti/robot_localization_ws/ros2_ws/build/control_nodes/install.log --single-version-externally-managed install_data
[2.781s] DEBUG:colcon.colcon_core.event_handler.log_command:Invoking command in '/home/monti/robot_localization_ws/ros2_ws/src/robot_description_pkg': PYTHONPATH=/home/monti/robot_localization_ws/ros2_ws/build/robot_description_pkg/prefix_override:/usr/lib/python3/dist-packages/colcon_core/task/python/colcon_distutils_commands:/home/monti/robot_localization_ws/ros2_ws/install/robot_description_pkg/lib/python3.10/site-packages:${PYTHONPATH} /usr/bin/python3 -W ignore:setup.py install is deprecated -W ignore:easy_install command is deprecated setup.py egg_info --egg-base ../../build/robot_description_pkg build --build-base /home/monti/robot_localization_ws/ros2_ws/build/robot_description_pkg/build install --record /home/monti/robot_localization_ws/ros2_ws/build/robot_description_pkg/install.log --single-version-externally-managed install_data
[3.051s] DEBUG:colcon.colcon_core.event_handler.log_command:Invoked command in '/home/monti/robot_localization_ws/ros2_ws/src/control_nodes' returned '0': PYTHONPATH=/home/monti/robot_localization_ws/ros2_ws/build/control_nodes/prefix_override:/usr/lib/python3/dist-packages/colcon_core/task/python/colcon_distutils_commands:/home/monti/robot_localization_ws/ros2_ws/install/control_nodes/lib/python3.10/site-packages:${PYTHONPATH} /usr/bin/python3 -W ignore:setup.py install is deprecated -W ignore:easy_install command is deprecated setup.py egg_info --egg-base ../../build/control_nodes build --build-base /home/monti/robot_localization_ws/ros2_ws/build/control_nodes/build install --record /home/monti/robot_localization_ws/ros2_ws/build/control_nodes/install.log --single-version-externally-managed install_data
[3.071s] Level 1:colcon.colcon_core.environment:checking '/home/monti/robot_localization_ws/ros2_ws/install/control_nodes' for CMake module files
[3.072s] Level 1:colcon.colcon_core.environment:checking '/home/monti/robot_localization_ws/ros2_ws/install/control_nodes' for CMake config files
[3.077s] Level 1:colcon.colcon_core.environment:checking '/home/monti/robot_localization_ws/ros2_ws/install/control_nodes/lib'
[3.077s] Level 1:colcon.colcon_core.environment:checking '/home/monti/robot_localization_ws/ros2_ws/install/control_nodes/bin'
[3.077s] Level 1:colcon.colcon_core.environment:checking '/home/monti/robot_localization_ws/ros2_ws/install/control_nodes/lib/pkgconfig/control_nodes.pc'
[3.077s] Level 1:colcon.colcon_core.environment:checking '/home/monti/robot_localization_ws/ros2_ws/install/control_nodes/lib/python3.10/site-packages'
[3.077s] Level 1:colcon.colcon_core.shell:create_environment_hook('control_nodes', 'pythonpath')
[3.078s] INFO:colcon.colcon_core.shell:Creating environment hook '/home/monti/robot_localization_ws/ros2_ws/install/control_nodes/share/control_nodes/hook/pythonpath.ps1'
[3.079s] INFO:colcon.colcon_core.shell:Creating environment descriptor '/home/monti/robot_localization_ws/ros2_ws/install/control_nodes/share/control_nodes/hook/pythonpath.dsv'
[3.079s] INFO:colcon.colcon_core.shell:Creating environment hook '/home/monti/robot_localization_ws/ros2_ws/install/control_nodes/share/control_nodes/hook/pythonpath.sh'
[3.080s] Level 1:colcon.colcon_core.environment:checking '/home/monti/robot_localization_ws/ros2_ws/install/control_nodes/bin'
[3.080s] Level 1:colcon.colcon_core.environment:create_environment_scripts_only(control_nodes)
[3.080s] INFO:colcon.colcon_core.shell:Creating package script '/home/monti/robot_localization_ws/ros2_ws/install/control_nodes/share/control_nodes/package.ps1'
[3.082s] INFO:colcon.colcon_core.shell:Creating package descriptor '/home/monti/robot_localization_ws/ros2_ws/install/control_nodes/share/control_nodes/package.dsv'
[3.083s] INFO:colcon.colcon_core.shell:Creating package script '/home/monti/robot_localization_ws/ros2_ws/install/control_nodes/share/control_nodes/package.sh'
[3.084s] INFO:colcon.colcon_core.shell:Creating package script '/home/monti/robot_localization_ws/ros2_ws/install/control_nodes/share/control_nodes/package.bash'
[3.085s] INFO:colcon.colcon_core.shell:Creating package script '/home/monti/robot_localization_ws/ros2_ws/install/control_nodes/share/control_nodes/package.zsh'
[3.086s] Level 1:colcon.colcon_core.environment:create_file_with_runtime_dependencies(/home/monti/robot_localization_ws/ros2_ws/install/control_nodes/share/colcon-core/packages/control_nodes)
[3.223s] Level 1:colcon.colcon_core.environment:checking '/home/monti/robot_localization_ws/ros2_ws/install/robot_description_pkg' for CMake module files
[3.224s] DEBUG:colcon.colcon_core.event_handler.log_command:Invoked command in '/home/monti/robot_localization_ws/ros2_ws/src/robot_description_pkg' returned '0': PYTHONPATH=/home/monti/robot_localization_ws/ros2_ws/build/robot_description_pkg/prefix_override:/usr/lib/python3/dist-packages/colcon_core/task/python/colcon_distutils_commands:/home/monti/robot_localization_ws/ros2_ws/install/robot_description_pkg/lib/python3.10/site-packages:${PYTHONPATH} /usr/bin/python3 -W ignore:setup.py install is deprecated -W ignore:easy_install command is deprecated setup.py egg_info --egg-base ../../build/robot_description_pkg build --build-base /home/monti/robot_localization_ws/ros2_ws/build/robot_description_pkg/build install --record /home/monti/robot_localization_ws/ros2_ws/build/robot_description_pkg/install.log --single-version-externally-managed install_data
[3.228s] Level 1:colcon.colcon_core.environment:checking '/home/monti/robot_localization_ws/ros2_ws/install/robot_description_pkg' for CMake config files
[3.236s] Level 1:colcon.colcon_core.environment:checking '/home/monti/robot_localization_ws/ros2_ws/install/robot_description_pkg/lib'
[3.236s] Level 1:colcon.colcon_core.environment:checking '/home/monti/robot_localization_ws/ros2_ws/install/robot_description_pkg/bin'
[3.237s] Level 1:colcon.colcon_core.environment:checking '/home/monti/robot_localization_ws/ros2_ws/install/robot_description_pkg/lib/pkgconfig/robot_description_pkg.pc'
[3.237s] Level 1:colcon.colcon_core.environment:checking '/home/monti/robot_localization_ws/ros2_ws/install/robot_description_pkg/lib/python3.10/site-packages'
[3.237s] Level 1:colcon.colcon_core.shell:create_environment_hook('robot_description_pkg', 'pythonpath')
[3.241s] INFO:colcon.colcon_core.shell:Creating environment hook '/home/monti/robot_localization_ws/ros2_ws/install/robot_description_pkg/share/robot_description_pkg/hook/pythonpath.ps1'
[3.243s] INFO:colcon.colcon_core.shell:Creating environment descriptor '/home/monti/robot_localization_ws/ros2_ws/install/robot_description_pkg/share/robot_description_pkg/hook/pythonpath.dsv'
[3.245s] INFO:colcon.colcon_core.shell:Creating environment hook '/home/monti/robot_localization_ws/ros2_ws/install/robot_description_pkg/share/robot_description_pkg/hook/pythonpath.sh'
[3.246s] Level 1:colcon.colcon_core.environment:checking '/home/monti/robot_localization_ws/ros2_ws/install/robot_description_pkg/bin'
[3.246s] Level 1:colcon.colcon_core.environment:create_environment_scripts_only(robot_description_pkg)
[3.246s] INFO:colcon.colcon_core.shell:Creating package script '/home/monti/robot_localization_ws/ros2_ws/install/robot_description_pkg/share/robot_description_pkg/package.ps1'
[3.247s] INFO:colcon.colcon_core.shell:Creating package descriptor '/home/monti/robot_localization_ws/ros2_ws/install/robot_description_pkg/share/robot_description_pkg/package.dsv'
[3.247s] INFO:colcon.colcon_core.shell:Creating package script '/home/monti/robot_localization_ws/ros2_ws/install/robot_description_pkg/share/robot_description_pkg/package.sh'
[3.248s] INFO:colcon.colcon_core.shell:Creating package script '/home/monti/robot_localization_ws/ros2_ws/install/robot_description_pkg/share/robot_description_pkg/package.bash'
[3.249s] INFO:colcon.colcon_core.shell:Creating package script '/home/monti/robot_localization_ws/ros2_ws/install/robot_description_pkg/share/robot_description_pkg/package.zsh'
[3.249s] Level 1:colcon.colcon_core.environment:create_file_with_runtime_dependencies(/home/monti/robot_localization_ws/ros2_ws/install/robot_description_pkg/share/colcon-core/packages/robot_description_pkg)
[3.250s] DEBUG:colcon.colcon_parallel_executor.executor.parallel:closing loop
[3.251s] DEBUG:colcon.colcon_parallel_executor.executor.parallel:loop closed
[3.251s] DEBUG:colcon.colcon_parallel_executor.executor.parallel:run_until_complete finished with '0'
[3.251s] DEBUG:colcon.colcon_core.event_reactor:joining thread
[3.287s] INFO:colcon.colcon_core.plugin_system:Skipping extension 'colcon_notification.desktop_notification.notify_send': Could not find 'notify-send'
[3.287s] INFO:colcon.colcon_core.plugin_system:Skipping extension 'colcon_notification.desktop_notification.terminal_notifier': Not used on non-Darwin systems
[3.288s] INFO:colcon.colcon_core.plugin_system:Skipping extension 'colcon_notification.desktop_notification.win32': Not used on non-Windows systems
[3.288s] INFO:colcon.colcon_notification.desktop_notification:Sending desktop notification using 'notify2'
[3.288s] DEBUG:colcon.colcon_notification.desktop_notification.notify2:Failed to initialize notify2: org.freedesktop.DBus.Error.FileNotFound: Failed to connect to socket /run/user/1000/bus: No such file or directory
[3.288s] DEBUG:colcon.colcon_core.event_reactor:joined thread
[3.289s] INFO:colcon.colcon_core.shell:Creating prefix script '/home/monti/robot_localization_ws/ros2_ws/install/local_setup.ps1'
[3.305s] INFO:colcon.colcon_core.shell:Creating prefix util module '/home/monti/robot_localization_ws/ros2_ws/install/_local_setup_util_ps1.py'
[3.307s] INFO:colcon.colcon_core.shell:Creating prefix chain script '/home/monti/robot_localization_ws/ros2_ws/install/setup.ps1'
[3.309s] INFO:colcon.colcon_core.shell:Creating prefix script '/home/monti/robot_localization_ws/ros2_ws/install/local_setup.sh'
[3.311s] INFO:colcon.colcon_core.shell:Creating prefix util module '/home/monti/robot_localization_ws/ros2_ws/install/_local_setup_util_sh.py'
[3.311s] INFO:colcon.colcon_core.shell:Creating prefix chain script '/home/monti/robot_localization_ws/ros2_ws/install/setup.sh'
[3.313s] INFO:colcon.colcon_core.shell:Creating prefix script '/home/monti/robot_localization_ws/ros2_ws/install/local_setup.bash'
[3.314s] INFO:colcon.colcon_core.shell:Creating prefix chain script '/home/monti/robot_localization_ws/ros2_ws/install/setup.bash'
[3.315s] INFO:colcon.colcon_core.shell:Creating prefix script '/home/monti/robot_localization_ws/ros2_ws/install/local_setup.zsh'
[3.316s] INFO:colcon.colcon_core.shell:Creating prefix chain script '/home/monti/robot_localization_ws/ros2_ws/install/setup.zsh'
