[1.460s] Invoking command in '/home/monti/robot_localization_ws/ros2_ws/src/robot_description_pkg': PYTHONPATH=/home/monti/robot_localization_ws/build/robot_description_pkg/prefix_override:/usr/lib/python3/dist-packages/colcon_core/task/python/colcon_distutils_commands:/home/monti/robot_localization_ws/install/lib/python3.10/site-packages:${PYTHONPATH} /usr/bin/python3 -W ignore:setup.py install is deprecated -W ignore:easy_install command is deprecated setup.py egg_info --egg-base ../../../build/robot_description_pkg build --build-base /home/monti/robot_localization_ws/build/robot_description_pkg/build install --record /home/monti/robot_localization_ws/build/robot_description_pkg/install.log --single-version-externally-managed install_data
[1.792s] running egg_info
[1.792s] creating ../../../build/robot_description_pkg/robot_description_pkg.egg-info
[1.793s] writing ../../../build/robot_description_pkg/robot_description_pkg.egg-info/PKG-INFO
[1.793s] writing dependency_links to ../../../build/robot_description_pkg/robot_description_pkg.egg-info/dependency_links.txt
[1.794s] writing entry points to ../../../build/robot_description_pkg/robot_description_pkg.egg-info/entry_points.txt
[1.794s] writing requirements to ../../../build/robot_description_pkg/robot_description_pkg.egg-info/requires.txt
[1.794s] writing top-level names to ../../../build/robot_description_pkg/robot_description_pkg.egg-info/top_level.txt
[1.794s] writing manifest file '../../../build/robot_description_pkg/robot_description_pkg.egg-info/SOURCES.txt'
[1.796s] reading manifest file '../../../build/robot_description_pkg/robot_description_pkg.egg-info/SOURCES.txt'
[1.797s] writing manifest file '../../../build/robot_description_pkg/robot_description_pkg.egg-info/SOURCES.txt'
[1.797s] running build
[1.798s] running build_py
[1.798s] creating /home/monti/robot_localization_ws/build/robot_description_pkg/build
[1.798s] creating /home/monti/robot_localization_ws/build/robot_description_pkg/build/lib
[1.799s] creating /home/monti/robot_localization_ws/build/robot_description_pkg/build/lib/robot_description_pkg
[1.800s] copying robot_description_pkg/__init__.py -> /home/monti/robot_localization_ws/build/robot_description_pkg/build/lib/robot_description_pkg
[1.800s] running install
[1.800s] running install_lib
[1.801s] creating /home/monti/robot_localization_ws/install/lib/python3.10/site-packages/robot_description_pkg
[1.802s] copying /home/monti/robot_localization_ws/build/robot_description_pkg/build/lib/robot_description_pkg/__init__.py -> /home/monti/robot_localization_ws/install/lib/python3.10/site-packages/robot_description_pkg
[1.802s] byte-compiling /home/monti/robot_localization_ws/install/lib/python3.10/site-packages/robot_description_pkg/__init__.py to __init__.cpython-310.pyc
[1.803s] running install_data
[1.803s] copying resource/robot_description_pkg -> /home/monti/robot_localization_ws/install/share/ament_index/resource_index/packages
[1.804s] copying package.xml -> /home/monti/robot_localization_ws/install/share/robot_description_pkg
[1.806s] creating /home/monti/robot_localization_ws/install/share/robot_description_pkg/launch
[1.806s] copying launch/world_only.launch.py -> /home/monti/robot_localization_ws/install/share/robot_description_pkg/launch
[1.807s] copying launch/control_nodes.launch.py -> /home/monti/robot_localization_ws/install/share/robot_description_pkg/launch
[1.807s] copying launch/spawn_robot.launch.py -> /home/monti/robot_localization_ws/install/share/robot_description_pkg/launch
[1.807s] creating /home/monti/robot_localization_ws/install/share/robot_description_pkg/worlds
[1.808s] copying worlds/indoor_outdoor.world -> /home/monti/robot_localization_ws/install/share/robot_description_pkg/worlds
[1.809s] creating /home/monti/robot_localization_ws/install/share/robot_description_pkg/urdf
[1.810s] copying urdf/tb3_custom.urdf.xacro -> /home/monti/robot_localization_ws/install/share/robot_description_pkg/urdf
[1.810s] copying urdf/tb3_sensors.gazebo.xacro -> /home/monti/robot_localization_ws/install/share/robot_description_pkg/urdf
[1.810s] creating /home/monti/robot_localization_ws/install/share/robot_description_pkg/models
[1.811s] creating /home/monti/robot_localization_ws/install/share/robot_description_pkg/models/indoor_outdoor
[1.812s] copying models/indoor_outdoor/model.config -> /home/monti/robot_localization_ws/install/share/robot_description_pkg/models/indoor_outdoor
[1.812s] copying models/indoor_outdoor/model.sdf -> /home/monti/robot_localization_ws/install/share/robot_description_pkg/models/indoor_outdoor
[1.813s] creating /home/monti/robot_localization_ws/install/share/robot_description_pkg/meshes
[1.813s] creating /home/monti/robot_localization_ws/install/share/robot_description_pkg/meshes/sensors
[1.814s] copying meshes/sensors/r200.jpg -> /home/monti/robot_localization_ws/install/share/robot_description_pkg/meshes/sensors
[1.814s] copying meshes/sensors/astra.jpg -> /home/monti/robot_localization_ws/install/share/robot_description_pkg/meshes/sensors
[1.815s] copying meshes/sensors/lds.stl -> /home/monti/robot_localization_ws/install/share/robot_description_pkg/meshes/sensors
[1.818s] copying meshes/sensors/astra.dae -> /home/monti/robot_localization_ws/install/share/robot_description_pkg/meshes/sensors
[1.844s] copying meshes/sensors/r200.dae -> /home/monti/robot_localization_ws/install/share/robot_description_pkg/meshes/sensors
[1.845s] creating /home/monti/robot_localization_ws/install/share/robot_description_pkg/meshes/wheels
[1.845s] copying meshes/wheels/left_tire.stl -> /home/monti/robot_localization_ws/install/share/robot_description_pkg/meshes/wheels
[1.849s] copying meshes/wheels/right_tire.stl -> /home/monti/robot_localization_ws/install/share/robot_description_pkg/meshes/wheels
[1.854s] creating /home/monti/robot_localization_ws/install/share/robot_description_pkg/meshes/bases
[1.854s] copying meshes/bases/burger_base.stl -> /home/monti/robot_localization_ws/install/share/robot_description_pkg/meshes/bases
[1.873s] running install_egg_info
[1.876s] Copying ../../../build/robot_description_pkg/robot_description_pkg.egg-info to /home/monti/robot_localization_ws/install/lib/python3.10/site-packages/robot_description_pkg-0.0.0-py3.10.egg-info
[1.878s] running install_scripts
[1.910s] Installing c1_node script to /home/monti/robot_localization_ws/install/lib/robot_description_pkg
[1.911s] Installing c2_node script to /home/monti/robot_localization_ws/install/lib/robot_description_pkg
[1.911s] writing list of installed files to '/home/monti/robot_localization_ws/build/robot_description_pkg/install.log'
[1.945s] Invoked command in '/home/monti/robot_localization_ws/ros2_ws/src/robot_description_pkg' returned '0': PYTHONPATH=/home/monti/robot_localization_ws/build/robot_description_pkg/prefix_override:/usr/lib/python3/dist-packages/colcon_core/task/python/colcon_distutils_commands:/home/monti/robot_localization_ws/install/lib/python3.10/site-packages:${PYTHONPATH} /usr/bin/python3 -W ignore:setup.py install is deprecated -W ignore:easy_install command is deprecated setup.py egg_info --egg-base ../../../build/robot_description_pkg build --build-base /home/monti/robot_localization_ws/build/robot_description_pkg/build install --record /home/monti/robot_localization_ws/build/robot_description_pkg/install.log --single-version-externally-managed install_data
