[1.394s] Invoking command in '/home/monti/robot_localization_ws/ros2_ws/src/robot_description_pkg': PYTHONPATH=/home/monti/robot_localization_ws/ros2_ws/build/robot_description_pkg/prefix_override:/usr/lib/python3/dist-packages/colcon_core/task/python/colcon_distutils_commands:/home/monti/robot_localization_ws/ros2_ws/install/robot_description_pkg/lib/python3.10/site-packages:${PYTHONPATH} /usr/bin/python3 -W ignore:setup.py install is deprecated -W ignore:easy_install command is deprecated setup.py egg_info --egg-base ../../build/robot_description_pkg build --build-base /home/monti/robot_localization_ws/ros2_ws/build/robot_description_pkg/build install --record /home/monti/robot_localization_ws/ros2_ws/build/robot_description_pkg/install.log --single-version-externally-managed install_data
[1.739s] running egg_info
[1.740s] creating ../../build/robot_description_pkg/robot_description_pkg.egg-info
[1.741s] writing ../../build/robot_description_pkg/robot_description_pkg.egg-info/PKG-INFO
[1.782s] writing dependency_links to ../../build/robot_description_pkg/robot_description_pkg.egg-info/dependency_links.txt
[1.782s] writing entry points to ../../build/robot_description_pkg/robot_description_pkg.egg-info/entry_points.txt
[1.783s] writing requirements to ../../build/robot_description_pkg/robot_description_pkg.egg-info/requires.txt
[1.783s] writing top-level names to ../../build/robot_description_pkg/robot_description_pkg.egg-info/top_level.txt
[1.783s] writing manifest file '../../build/robot_description_pkg/robot_description_pkg.egg-info/SOURCES.txt'
[1.785s] reading manifest file '../../build/robot_description_pkg/robot_description_pkg.egg-info/SOURCES.txt'
[1.786s] writing manifest file '../../build/robot_description_pkg/robot_description_pkg.egg-info/SOURCES.txt'
[1.787s] running build
[1.787s] running build_py
[1.787s] creating /home/monti/robot_localization_ws/ros2_ws/build/robot_description_pkg/build
[1.788s] creating /home/monti/robot_localization_ws/ros2_ws/build/robot_description_pkg/build/lib
[1.788s] creating /home/monti/robot_localization_ws/ros2_ws/build/robot_description_pkg/build/lib/robot_description_pkg
[1.789s] copying robot_description_pkg/__init__.py -> /home/monti/robot_localization_ws/ros2_ws/build/robot_description_pkg/build/lib/robot_description_pkg
[1.789s] running install
[1.790s] running install_lib
[1.791s] creating /home/monti/robot_localization_ws/ros2_ws/install/robot_description_pkg/lib/python3.10/site-packages/robot_description_pkg
[1.791s] copying /home/monti/robot_localization_ws/ros2_ws/build/robot_description_pkg/build/lib/robot_description_pkg/__init__.py -> /home/monti/robot_localization_ws/ros2_ws/install/robot_description_pkg/lib/python3.10/site-packages/robot_description_pkg
[1.793s] byte-compiling /home/monti/robot_localization_ws/ros2_ws/install/robot_description_pkg/lib/python3.10/site-packages/robot_description_pkg/__init__.py to __init__.cpython-310.pyc
[1.795s] running install_data
[1.795s] creating /home/monti/robot_localization_ws/ros2_ws/install/robot_description_pkg/share/ament_index
[1.795s] creating /home/monti/robot_localization_ws/ros2_ws/install/robot_description_pkg/share/ament_index/resource_index
[1.795s] creating /home/monti/robot_localization_ws/ros2_ws/install/robot_description_pkg/share/ament_index/resource_index/packages
[1.797s] copying resource/robot_description_pkg -> /home/monti/robot_localization_ws/ros2_ws/install/robot_description_pkg/share/ament_index/resource_index/packages
[1.798s] copying package.xml -> /home/monti/robot_localization_ws/ros2_ws/install/robot_description_pkg/share/robot_description_pkg
[1.798s] creating /home/monti/robot_localization_ws/ros2_ws/install/robot_description_pkg/share/robot_description_pkg/launch
[1.799s] copying launch/world_only.launch.py -> /home/monti/robot_localization_ws/ros2_ws/install/robot_description_pkg/share/robot_description_pkg/launch
[1.799s] copying launch/control_nodes.launch.py -> /home/monti/robot_localization_ws/ros2_ws/install/robot_description_pkg/share/robot_description_pkg/launch
[1.799s] copying launch/spawn_robot.launch.py -> /home/monti/robot_localization_ws/ros2_ws/install/robot_description_pkg/share/robot_description_pkg/launch
[1.800s] creating /home/monti/robot_localization_ws/ros2_ws/install/robot_description_pkg/share/robot_description_pkg/worlds
[1.801s] copying worlds/indoor_outdoor.world -> /home/monti/robot_localization_ws/ros2_ws/install/robot_description_pkg/share/robot_description_pkg/worlds
[1.802s] creating /home/monti/robot_localization_ws/ros2_ws/install/robot_description_pkg/share/robot_description_pkg/urdf
[1.802s] copying urdf/tb3_custom.urdf.xacro -> /home/monti/robot_localization_ws/ros2_ws/install/robot_description_pkg/share/robot_description_pkg/urdf
[1.803s] copying urdf/tb3_sensors.gazebo.xacro -> /home/monti/robot_localization_ws/ros2_ws/install/robot_description_pkg/share/robot_description_pkg/urdf
[1.804s] creating /home/monti/robot_localization_ws/ros2_ws/install/robot_description_pkg/share/robot_description_pkg/models
[1.804s] creating /home/monti/robot_localization_ws/ros2_ws/install/robot_description_pkg/share/robot_description_pkg/models/indoor_outdoor
[1.805s] copying models/indoor_outdoor/model.config -> /home/monti/robot_localization_ws/ros2_ws/install/robot_description_pkg/share/robot_description_pkg/models/indoor_outdoor
[1.806s] copying models/indoor_outdoor/model.sdf -> /home/monti/robot_localization_ws/ros2_ws/install/robot_description_pkg/share/robot_description_pkg/models/indoor_outdoor
[1.807s] creating /home/monti/robot_localization_ws/ros2_ws/install/robot_description_pkg/share/robot_description_pkg/meshes
[1.807s] creating /home/monti/robot_localization_ws/ros2_ws/install/robot_description_pkg/share/robot_description_pkg/meshes/sensors
[1.808s] copying meshes/sensors/r200.jpg -> /home/monti/robot_localization_ws/ros2_ws/install/robot_description_pkg/share/robot_description_pkg/meshes/sensors
[1.809s] copying meshes/sensors/astra.jpg -> /home/monti/robot_localization_ws/ros2_ws/install/robot_description_pkg/share/robot_description_pkg/meshes/sensors
[1.810s] copying meshes/sensors/lds.stl -> /home/monti/robot_localization_ws/ros2_ws/install/robot_description_pkg/share/robot_description_pkg/meshes/sensors
[1.813s] copying meshes/sensors/astra.dae -> /home/monti/robot_localization_ws/ros2_ws/install/robot_description_pkg/share/robot_description_pkg/meshes/sensors
[1.838s] copying meshes/sensors/r200.dae -> /home/monti/robot_localization_ws/ros2_ws/install/robot_description_pkg/share/robot_description_pkg/meshes/sensors
[1.839s] creating /home/monti/robot_localization_ws/ros2_ws/install/robot_description_pkg/share/robot_description_pkg/meshes/wheels
[1.840s] copying meshes/wheels/left_tire.stl -> /home/monti/robot_localization_ws/ros2_ws/install/robot_description_pkg/share/robot_description_pkg/meshes/wheels
[1.844s] copying meshes/wheels/right_tire.stl -> /home/monti/robot_localization_ws/ros2_ws/install/robot_description_pkg/share/robot_description_pkg/meshes/wheels
[1.848s] creating /home/monti/robot_localization_ws/ros2_ws/install/robot_description_pkg/share/robot_description_pkg/meshes/bases
[1.848s] copying meshes/bases/burger_base.stl -> /home/monti/robot_localization_ws/ros2_ws/install/robot_description_pkg/share/robot_description_pkg/meshes/bases
[1.865s] running install_egg_info
[1.867s] Copying ../../build/robot_description_pkg/robot_description_pkg.egg-info to /home/monti/robot_localization_ws/ros2_ws/install/robot_description_pkg/lib/python3.10/site-packages/robot_description_pkg-0.0.0-py3.10.egg-info
[1.869s] running install_scripts
[1.896s] Installing c1_node script to /home/monti/robot_localization_ws/ros2_ws/install/robot_description_pkg/lib/robot_description_pkg
[1.897s] Installing c2_node script to /home/monti/robot_localization_ws/ros2_ws/install/robot_description_pkg/lib/robot_description_pkg
[1.897s] writing list of installed files to '/home/monti/robot_localization_ws/ros2_ws/build/robot_description_pkg/install.log'
[1.930s] Invoked command in '/home/monti/robot_localization_ws/ros2_ws/src/robot_description_pkg' returned '0': PYTHONPATH=/home/monti/robot_localization_ws/ros2_ws/build/robot_description_pkg/prefix_override:/usr/lib/python3/dist-packages/colcon_core/task/python/colcon_distutils_commands:/home/monti/robot_localization_ws/ros2_ws/install/robot_description_pkg/lib/python3.10/site-packages:${PYTHONPATH} /usr/bin/python3 -W ignore:setup.py install is deprecated -W ignore:easy_install command is deprecated setup.py egg_info --egg-base ../../build/robot_description_pkg build --build-base /home/monti/robot_localization_ws/ros2_ws/build/robot_description_pkg/build install --record /home/monti/robot_localization_ws/ros2_ws/build/robot_description_pkg/install.log --single-version-externally-managed install_data
